<?xml version="1.0" encoding="UTF-8"?>
<!-- Generated by org.testng.reporters.JUnitReportReporter -->
<testsuite hostname="DESKTOP-80JB3RT" failures="0" tests="1" name="Pom.TestScript1" time="22.906" errors="0" timestamp="2022-05-18T19:37:06 IST" skipped="0">
  <testcase classname="Pom.TestScript1" name="test" time="22.906"/>
  <system-out/>
</testsuite> <!-- Pom.TestScript1 -->
